d:\users\zeca_\desktop\nova pasta\pg20202-master\framework-pg\framework-pg\debug\vc142.pdb
d:\users\zeca_\desktop\nova pasta\pg20202-master\framework-pg\framework-pg\debug\vc142.idb
d:\users\zeca_\desktop\nova pasta\pg20202-master\framework-pg\framework-pg\debug\glad.obj
d:\users\zeca_\desktop\nova pasta\pg20202-master\framework-pg\framework-pg\debug\stb_image.obj
d:\users\zeca_\desktop\nova pasta\pg20202-master\framework-pg\framework-pg\debug\source.obj
d:\users\zeca_\desktop\nova pasta\pg20202-master\framework-pg\framework-pg\debug\scenemanager.obj
d:\users\zeca_\desktop\nova pasta\tga_pg_josecosta\game\game\debug\vc142.pdb
d:\users\zeca_\desktop\nova pasta\tga_pg_josecosta\game\game\debug\vc142.idb
d:\users\zeca_\desktop\nova pasta\tga_pg_josecosta\game\game\debug\glad.obj
d:\users\zeca_\desktop\nova pasta\tga_pg_josecosta\game\game\debug\stb_image.obj
d:\users\zeca_\desktop\nova pasta\tga_pg_josecosta\game\game\debug\source.obj
d:\users\zeca_\desktop\nova pasta\tga_pg_josecosta\game\game\debug\scenemanager.obj
d:\users\zeca_\desktop\nova pasta\tga_pg_josecosta\framework-pg\framework-pg\debug\vc142.pdb
d:\users\zeca_\desktop\nova pasta\tga_pg_josecosta\framework-pg\framework-pg\debug\vc142.idb
d:\users\zeca_\desktop\nova pasta\tga_pg_josecosta\framework-pg\framework-pg\debug\glad.obj
d:\users\zeca_\desktop\nova pasta\tga_pg_josecosta\framework-pg\framework-pg\debug\stb_image.obj
d:\users\zeca_\desktop\nova pasta\tga_pg_josecosta\framework-pg\framework-pg\debug\source.obj
d:\users\zeca_\desktop\nova pasta\tga_pg_josecosta\framework-pg\framework-pg\debug\scenemanager.obj
d:\users\zeca_\desktop\nova pasta\pg20202-master\framework-pg\debug\transforms.ilk
d:\users\zeca_\desktop\nova pasta\pg20202-master\framework-pg\debug\transforms.exe
d:\users\zeca_\desktop\nova pasta\pg20202-master\framework-pg\debug\transforms.pdb
d:\users\zeca_\desktop\nova pasta\tga_pg_josecosta\game\game\debug\transforms.ilk
d:\users\zeca_\desktop\nova pasta\tga_pg_josecosta\game\game\debug\transforms.exe
d:\users\zeca_\desktop\nova pasta\tga_pg_josecosta\game\game\debug\transforms.pdb
d:\users\zeca_\desktop\nova pasta\tga_pg_josecosta\framework-pg\debug\transforms.ilk
d:\users\zeca_\desktop\nova pasta\tga_pg_josecosta\framework-pg\debug\transforms.exe
d:\users\zeca_\desktop\nova pasta\tga_pg_josecosta\framework-pg\debug\transforms.pdb
d:\users\zeca_\documents\github\josecosta_pg\lista 4 e tga_pg_josecosta\framework-pg\framework-pg\debug\glad.obj
d:\users\zeca_\documents\github\josecosta_pg\lista 4 e tga_pg_josecosta\framework-pg\framework-pg\debug\scenemanager.obj
d:\users\zeca_\documents\github\josecosta_pg\lista 4 e tga_pg_josecosta\framework-pg\framework-pg\debug\source.obj
d:\users\zeca_\documents\github\josecosta_pg\lista 4 e tga_pg_josecosta\framework-pg\framework-pg\debug\sprite.obj
d:\users\zeca_\documents\github\josecosta_pg\lista 4 e tga_pg_josecosta\framework-pg\framework-pg\debug\stb_image.obj
d:\users\zeca_\documents\github\josecosta_pg\lista 4 e tga_pg_josecosta\framework-pg\framework-pg\debug\transforms.ilk
d:\users\zeca_\documents\github\josecosta_pg\lista 4 e tga_pg_josecosta\framework-pg\framework-pg\debug\vc142.idb
d:\users\zeca_\documents\github\josecosta_pg\lista 4 e tga_pg_josecosta\framework-pg\framework-pg\debug\transforms.pdb
d:\users\zeca_\documents\github\josecosta_pg\lista 4 e tga_pg_josecosta\framework-pg\framework-pg\debug\vc142.pdb
d:\users\zeca_\documents\github\josecosta_pg\lista 4 e tga_pg_josecosta\framework-pg\debug\transforms.pdb
d:\users\zeca_\documents\github\josecosta_pg\lista 4 e tga_pg_josecosta\framework-pg\debug\transforms.exe
d:\users\zeca_\documents\github\josecosta_pg\lista 4 e tga_pg_josecosta\framework-pg\debug\transforms.ilk
d:\users\zeca_\documents\github\josecosta_pg\lista 4 e tga_pg_josecosta\framework-pg\framework-pg\debug\transforms.tlog\cl.command.1.tlog
d:\users\zeca_\documents\github\josecosta_pg\lista 4 e tga_pg_josecosta\framework-pg\framework-pg\debug\transforms.tlog\cl.read.1.tlog
d:\users\zeca_\documents\github\josecosta_pg\lista 4 e tga_pg_josecosta\framework-pg\framework-pg\debug\transforms.tlog\cl.write.1.tlog
d:\users\zeca_\documents\github\josecosta_pg\lista 4 e tga_pg_josecosta\framework-pg\framework-pg\debug\transforms.tlog\link.command.1.tlog
d:\users\zeca_\documents\github\josecosta_pg\lista 4 e tga_pg_josecosta\framework-pg\framework-pg\debug\transforms.tlog\link.read.1.tlog
d:\users\zeca_\documents\github\josecosta_pg\lista 4 e tga_pg_josecosta\framework-pg\framework-pg\debug\transforms.tlog\link.write.1.tlog
